[2019-10-24 06:45:04] development.ERROR: Stripe\Error\Authentication: No API key provided.  (HINT: set your API key using "Stripe::setApiKey(<API-KEY>)".  You can generate API keys from the Stripe web interface.  See https://stripe.com/api for details, or email support@stripe.com if you have any questions. in C:\Users\Sudip\Desktop\Interview\bulk.ly\vendor\stripe\stripe-php\lib\ApiRequestor.php:219
Stack trace:
#0 C:\Users\Sudip\Desktop\Interview\bulk.ly\vendor\stripe\stripe-php\lib\ApiRequestor.php(64): Stripe\ApiRequestor->_requestRaw('get', '/v1/customers/c...', Array, Array)
#1 C:\Users\Sudip\Desktop\Interview\bulk.ly\vendor\stripe\stripe-php\lib\ApiResource.php(31): Stripe\ApiRequestor->request('get', '/v1/customers/c...', Array, Array)
#2 C:\Users\Sudip\Desktop\Interview\bulk.ly\vendor\stripe\stripe-php\lib\ApiResource.php(132): Stripe\ApiResource->refresh()
#3 C:\Users\Sudip\Desktop\Interview\bulk.ly\vendor\stripe\stripe-php\lib\Customer.php(40): Stripe\ApiResource::_retrieve('cus_AxqMtjMMU28...', '')
#4 C:\Users\Sudip\Desktop\Interview\bulk.ly\vendor\laravel\cashier\src\Billable.php(589): Stripe\Customer::retrieve('cus_AxqMtjMMU28...', '')
#5 C:\Users\Sudip\Desktop\Interview\bulk.ly\vendor\laravel\cashier\src\Billable.php(326): Bulkly\User->asStripeCustomer()
#6 C:\Users\Sudip\Desktop\Interview\bulk.ly\vendor\laravel\cashier\src\Billable.php(350): Bulkly\User->invoices(true, Array)
#7 C:\Users\Sudip\Desktop\Interview\bulk.ly\app\Http\Controllers\PagesController.php(31): Bulkly\User->invoicesIncludingPending()
#8 [internal function]: Bulkly\Http\Controllers\PagesController->settings()
#9 C:\Users\Sudip\Desktop\Interview\bulk.ly\vendor\laravel\framework\src\Illuminate\Routing\Controller.php(55): call_user_func_array(Array, Array)
#10 C:\Users\Sudip\Desktop\Interview\bulk.ly\vendor\laravel\framework\src\Illuminate\Routing\ControllerDispatcher.php(44): Illuminate\Routing\Controller->callAction('settings', Array)
#11 C:\Users\Sudip\Desktop\Interview\bulk.ly\vendor\laravel\framework\src\Illuminate\Routing\Route.php(203): Illuminate\Routing\ControllerDispatcher->dispatch(Object(Illuminate\Routing\Route), Object(Bulkly\Http\Controllers\PagesController), 'settings')
#12 C:\Users\Sudip\Desktop\Interview\bulk.ly\vendor\laravel\framework\src\Illuminate\Routing\Route.php(160): Illuminate\Routing\Route->runController()
#13 C:\Users\Sudip\Desktop\Interview\bulk.ly\vendor\laravel\framework\src\Illuminate\Routing\Router.php(572): Illuminate\Routing\Route->run()
#14 C:\Users\Sudip\Desktop\Interview\bulk.ly\vendor\laravel\framework\src\Illuminate\Routing\Pipeline.php(30): Illuminate\Routing\Router->Illuminate\Routing\{closure}(Object(Illuminate\Http\Request))
#15 C:\Users\Sudip\Desktop\Interview\bulk.ly\vendor\laravel\framework\src\Illuminate\Routing\Middleware\SubstituteBindings.php(41): Illuminate\Routing\Pipeline->Illuminate\Routing\{closure}(Object(Illuminate\Http\Request))
#16 C:\Users\Sudip\Desktop\Interview\bulk.ly\vendor\laravel\framework\src\Illuminate\Pipeline\Pipeline.php(148): Illuminate\Routing\Middleware\SubstituteBindings->handle(Object(Illuminate\Http\Request), Object(Closure))
#17 C:\Users\Sudip\Desktop\Interview\bulk.ly\vendor\laravel\framework\src\Illuminate\Routing\Pipeline.php(53): Illuminate\Pipeline\Pipeline->Illuminate\Pipeline\{closure}(Object(Illuminate\Http\Request))
#18 C:\Users\Sudip\Desktop\Interview\bulk.ly\vendor\laravel\framework\src\Illuminate\Foundation\Http\Middleware\VerifyCsrfToken.php(65): Illuminate\Routing\Pipeline->Illuminate\Routing\{closure}(Object(Illuminate\Http\Request))
#19 C:\Users\Sudip\Desktop\Interview\bulk.ly\vendor\laravel\framework\src\Illuminate\Pipeline\Pipeline.php(148): Illuminate\Foundation\Http\Middleware\VerifyCsrfToken->handle(Object(Illuminate\Http\Request), Object(Closure))
#20 C:\Users\Sudip\Desktop\Interview\bulk.ly\vendor\laravel\framework\src\Illuminate\Routing\Pipeline.php(53): Illuminate\Pipeline\Pipeline->Illuminate\Pipeline\{closure}(Object(Illuminate\Http\Request))
#21 C:\Users\Sudip\Desktop\Interview\bulk.ly\vendor\laravel\framework\src\Illuminate\View\Middleware\ShareErrorsFromSession.php(49): Illuminate\Routing\Pipeline->Illuminate\Routing\{closure}(Object(Illuminate\Http\Request))
#22 C:\Users\Sudip\Desktop\Interview\bulk.ly\vendor\laravel\framework\src\Illuminate\Pipeline\Pipeline.php(148): Illuminate\View\Middleware\ShareErrorsFromSession->handle(Object(Illuminate\Http\Request), Object(Closure))
#23 C:\Users\Sudip\Desktop\Interview\bulk.ly\vendor\laravel\framework\src\Illuminate\Routing\Pipeline.php(53): Illuminate\Pipeline\Pipeline->Illuminate\Pipeline\{closure}(Object(Illuminate\Http\Request))
#24 C:\Users\Sudip\Desktop\Interview\bulk.ly\vendor\laravel\framework\src\Illuminate\Session\Middleware\StartSession.php(64): Illuminate\Routing\Pipeline->Illuminate\Routing\{closure}(Object(Illuminate\Http\Request))
#25 C:\Users\Sudip\Desktop\Interview\bulk.ly\vendor\laravel\framework\src\Illuminate\Pipeline\Pipeline.php(148): Illuminate\Session\Middleware\StartSession->handle(Object(Illuminate\Http\Request), Object(Closure))
#26 C:\Users\Sudip\Desktop\Interview\bulk.ly\vendor\laravel\framework\src\Illuminate\Routing\Pipeline.php(53): Illuminate\Pipeline\Pipeline->Illuminate\Pipeline\{closure}(Object(Illuminate\Http\Request))
#27 C:\Users\Sudip\Desktop\Interview\bulk.ly\vendor\laravel\framework\src\Illuminate\Cookie\Middleware\AddQueuedCookiesToResponse.php(37): Illuminate\Routing\Pipeline->Illuminate\Routing\{closure}(Object(Illuminate\Http\Request))
#28 C:\Users\Sudip\Desktop\Interview\bulk.ly\vendor\laravel\framework\src\Illuminate\Pipeline\Pipeline.php(148): Illuminate\Cookie\Middleware\AddQueuedCookiesToResponse->handle(Object(Illuminate\Http\Request), Object(Closure))
#29 C:\Users\Sudip\Desktop\Interview\bulk.ly\vendor\laravel\framework\src\Illuminate\Routing\Pipeline.php(53): Illuminate\Pipeline\Pipeline->Illuminate\Pipeline\{closure}(Object(Illuminate\Http\Request))
#30 C:\Users\Sudip\Desktop\Interview\bulk.ly\vendor\laravel\framework\src\Illuminate\Cookie\Middleware\EncryptCookies.php(59): Illuminate\Routing\Pipeline->Illuminate\Routing\{closure}(Object(Illuminate\Http\Request))
#31 C:\Users\Sudip\Desktop\Interview\bulk.ly\vendor\laravel\framework\src\Illuminate\Pipeline\Pipeline.php(148): Illuminate\Cookie\Middleware\EncryptCookies->handle(Object(Illuminate\Http\Request), Object(Closure))
#32 C:\Users\Sudip\Desktop\Interview\bulk.ly\vendor\laravel\framework\src\Illuminate\Routing\Pipeline.php(53): Illuminate\Pipeline\Pipeline->Illuminate\Pipeline\{closure}(Object(Illuminate\Http\Request))
#33 C:\Users\Sudip\Desktop\Interview\bulk.ly\vendor\laravel\framework\src\Illuminate\Pipeline\Pipeline.php(102): Illuminate\Routing\Pipeline->Illuminate\Routing\{closure}(Object(Illuminate\Http\Request))
#34 C:\Users\Sudip\Desktop\Interview\bulk.ly\vendor\laravel\framework\src\Illuminate\Routing\Router.php(574): Illuminate\Pipeline\Pipeline->then(Object(Closure))
#35 C:\Users\Sudip\Desktop\Interview\bulk.ly\vendor\laravel\framework\src\Illuminate\Routing\Router.php(533): Illuminate\Routing\Router->runRouteWithinStack(Object(Illuminate\Routing\Route), Object(Illuminate\Http\Request))
#36 C:\Users\Sudip\Desktop\Interview\bulk.ly\vendor\laravel\framework\src\Illuminate\Routing\Router.php(511): Illuminate\Routing\Router->dispatchToRoute(Object(Illuminate\Http\Request))
#37 C:\Users\Sudip\Desktop\Interview\bulk.ly\vendor\laravel\framework\src\Illuminate\Foundation\Http\Kernel.php(176): Illuminate\Routing\Router->dispatch(Object(Illuminate\Http\Request))
#38 C:\Users\Sudip\Desktop\Interview\bulk.ly\vendor\laravel\framework\src\Illuminate\Routing\Pipeline.php(30): Illuminate\Foundation\Http\Kernel->Illuminate\Foundation\Http\{closure}(Object(Illuminate\Http\Request))
#39 C:\Users\Sudip\Desktop\Interview\bulk.ly\vendor\laravel\framework\src\Illuminate\Foundation\Http\Middleware\TransformsRequest.php(30): Illuminate\Routing\Pipeline->Illuminate\Routing\{closure}(Object(Illuminate\Http\Request))
#40 C:\Users\Sudip\Desktop\Interview\bulk.ly\vendor\laravel\framework\src\Illuminate\Pipeline\Pipeline.php(148): Illuminate\Foundation\Http\Middleware\TransformsRequest->handle(Object(Illuminate\Http\Request), Object(Closure))
#41 C:\Users\Sudip\Desktop\Interview\bulk.ly\vendor\laravel\framework\src\Illuminate\Routing\Pipeline.php(53): Illuminate\Pipeline\Pipeline->Illuminate\Pipeline\{closure}(Object(Illuminate\Http\Request))
#42 C:\Users\Sudip\Desktop\Interview\bulk.ly\vendor\laravel\framework\src\Illuminate\Foundation\Http\Middleware\TransformsRequest.php(30): Illuminate\Routing\Pipeline->Illuminate\Routing\{closure}(Object(Illuminate\Http\Request))
#43 C:\Users\Sudip\Desktop\Interview\bulk.ly\vendor\laravel\framework\src\Illuminate\Pipeline\Pipeline.php(148): Illuminate\Foundation\Http\Middleware\TransformsRequest->handle(Object(Illuminate\Http\Request), Object(Closure))
#44 C:\Users\Sudip\Desktop\Interview\bulk.ly\vendor\laravel\framework\src\Illuminate\Routing\Pipeline.php(53): Illuminate\Pipeline\Pipeline->Illuminate\Pipeline\{closure}(Object(Illuminate\Http\Request))
#45 C:\Users\Sudip\Desktop\Interview\bulk.ly\vendor\laravel\framework\src\Illuminate\Foundation\Http\Middleware\ValidatePostSize.php(27): Illuminate\Routing\Pipeline->Illuminate\Routing\{closure}(Object(Illuminate\Http\Request))
#46 C:\Users\Sudip\Desktop\Interview\bulk.ly\vendor\laravel\framework\src\Illuminate\Pipeline\Pipeline.php(148): Illuminate\Foundation\Http\Middleware\ValidatePostSize->handle(Object(Illuminate\Http\Request), Object(Closure))
#47 C:\Users\Sudip\Desktop\Interview\bulk.ly\vendor\laravel\framework\src\Illuminate\Routing\Pipeline.php(53): Illuminate\Pipeline\Pipeline->Illuminate\Pipeline\{closure}(Object(Illuminate\Http\Request))
#48 C:\Users\Sudip\Desktop\Interview\bulk.ly\vendor\laravel\framework\src\Illuminate\Foundation\Http\Middleware\CheckForMaintenanceMode.php(46): Illuminate\Routing\Pipeline->Illuminate\Routing\{closure}(Object(Illuminate\Http\Request))
#49 C:\Users\Sudip\Desktop\Interview\bulk.ly\vendor\laravel\framework\src\Illuminate\Pipeline\Pipeline.php(148): Illuminate\Foundation\Http\Middleware\CheckForMaintenanceMode->handle(Object(Illuminate\Http\Request), Object(Closure))
#50 C:\Users\Sudip\Desktop\Interview\bulk.ly\vendor\laravel\framework\src\Illuminate\Routing\Pipeline.php(53): Illuminate\Pipeline\Pipeline->Illuminate\Pipeline\{closure}(Object(Illuminate\Http\Request))
#51 C:\Users\Sudip\Desktop\Interview\bulk.ly\vendor\laravel\framework\src\Illuminate\Pipeline\Pipeline.php(102): Illuminate\Routing\Pipeline->Illuminate\Routing\{closure}(Object(Illuminate\Http\Request))
#52 C:\Users\Sudip\Desktop\Interview\bulk.ly\vendor\laravel\framework\src\Illuminate\Foundation\Http\Kernel.php(151): Illuminate\Pipeline\Pipeline->then(Object(Closure))
#53 C:\Users\Sudip\Desktop\Interview\bulk.ly\vendor\laravel\framework\src\Illuminate\Foundation\Http\Kernel.php(116): Illuminate\Foundation\Http\Kernel->sendRequestThroughRouter(Object(Illuminate\Http\Request))
#54 C:\Users\Sudip\Desktop\Interview\bulk.ly\public\index.php(53): Illuminate\Foundation\Http\Kernel->handle(Object(Illuminate\Http\Request))
#55 C:\Users\Sudip\Desktop\Interview\bulk.ly\server.php(21): require_once('C:\\Users\\Sudip\\...')
#56 {main}  
[2020-08-12 17:09:45] development.ERROR: PDOException: SQLSTATE[42000]: Syntax error or access violation: 1231 Variable 'sql_mode' can't be set to the value of 'NO_AUTO_CREATE_USER' in /usr/share/nginx/html/tst/vendor/laravel/framework/src/Illuminate/Database/Connectors/MySqlConnector.php:150
Stack trace:
#0 /usr/share/nginx/html/tst/vendor/laravel/framework/src/Illuminate/Database/Connectors/MySqlConnector.php(150): PDOStatement->execute()
#1 /usr/share/nginx/html/tst/vendor/laravel/framework/src/Illuminate/Database/Connectors/MySqlConnector.php(37): Illuminate\Database\Connectors\MySqlConnector->setModes()
#2 /usr/share/nginx/html/tst/vendor/laravel/framework/src/Illuminate/Database/Connectors/ConnectionFactory.php(183): Illuminate\Database\Connectors\MySqlConnector->connect()
#3 [internal function]: Illuminate\Database\Connectors\ConnectionFactory->Illuminate\Database\Connectors\{closure}()
#4 /usr/share/nginx/html/tst/vendor/laravel/framework/src/Illuminate/Database/Connection.php(883): call_user_func()
#5 /usr/share/nginx/html/tst/vendor/laravel/framework/src/Illuminate/Database/Connection.php(392): Illuminate\Database\Connection->getPdo()
#6 /usr/share/nginx/html/tst/vendor/laravel/framework/src/Illuminate/Database/Connection.php(318): Illuminate\Database\Connection->getPdoForSelect()
#7 /usr/share/nginx/html/tst/vendor/laravel/framework/src/Illuminate/Database/Connection.php(640): Illuminate\Database\Connection->Illuminate\Database\{closure}()
#8 /usr/share/nginx/html/tst/vendor/laravel/framework/src/Illuminate/Database/Connection.php(607): Illuminate\Database\Connection->runQueryCallback()
#9 /usr/share/nginx/html/tst/vendor/laravel/framework/src/Illuminate/Database/Connection.php(326): Illuminate\Database\Connection->run()
#10 /usr/share/nginx/html/tst/vendor/laravel/framework/src/Illuminate/Database/Query/Builder.php(1705): Illuminate\Database\Connection->select()
#11 /usr/share/nginx/html/tst/vendor/laravel/framework/src/Illuminate/Database/Query/Builder.php(1690): Illuminate\Database\Query\Builder->runSelect()
#12 /usr/share/nginx/html/tst/vendor/laravel/framework/src/Illuminate/Database/Query/Builder.php(2025): Illuminate\Database\Query\Builder->get()
#13 /usr/share/nginx/html/tst/vendor/laravel/framework/src/Illuminate/Database/Query/Builder.php(1953): Illuminate\Database\Query\Builder->aggregate()
#14 /usr/share/nginx/html/tst/vendor/laravel/framework/src/Illuminate/Validation/DatabasePresenceVerifier.php(55): Illuminate\Database\Query\Builder->count()
#15 /usr/share/nginx/html/tst/vendor/laravel/framework/src/Illuminate/Validation/Concerns/ValidatesAttributes.php(581): Illuminate\Validation\DatabasePresenceVerifier->getCount()
#16 /usr/share/nginx/html/tst/vendor/laravel/framework/src/Illuminate/Validation/Concerns/ValidatesAttributes.php(553): Illuminate\Validation\Validator->getExistCount()
#17 /usr/share/nginx/html/tst/vendor/laravel/framework/src/Illuminate/Validation/Validator.php(352): Illuminate\Validation\Validator->validateExists()
#18 /usr/share/nginx/html/tst/vendor/laravel/framework/src/Illuminate/Validation/Validator.php(267): Illuminate\Validation\Validator->validateAttribute()
#19 /usr/share/nginx/html/tst/vendor/laravel/framework/src/Illuminate/Validation/Validator.php(292): Illuminate\Validation\Validator->passes()
#20 /usr/share/nginx/html/tst/app/Http/Controllers/Auth/LoginController.php(44): Illuminate\Validation\Validator->fails()
#21 [internal function]: Bulkly\Http\Controllers\Auth\LoginController->loginNow()
#22 /usr/share/nginx/html/tst/vendor/laravel/framework/src/Illuminate/Routing/Controller.php(55): call_user_func_array()
#23 /usr/share/nginx/html/tst/vendor/laravel/framework/src/Illuminate/Routing/ControllerDispatcher.php(44): Illuminate\Routing\Controller->callAction()
#24 /usr/share/nginx/html/tst/vendor/laravel/framework/src/Illuminate/Routing/Route.php(203): Illuminate\Routing\ControllerDispatcher->dispatch()
#25 /usr/share/nginx/html/tst/vendor/laravel/framework/src/Illuminate/Routing/Route.php(160): Illuminate\Routing\Route->runController()
#26 /usr/share/nginx/html/tst/vendor/laravel/framework/src/Illuminate/Routing/Router.php(572): Illuminate\Routing\Route->run()
#27 /usr/share/nginx/html/tst/vendor/laravel/framework/src/Illuminate/Routing/Pipeline.php(30): Illuminate\Routing\Router->Illuminate\Routing\{closure}()
#28 /usr/share/nginx/html/tst/app/Http/Middleware/RedirectIfAuthenticated.php(24): Illuminate\Routing\Pipeline->Illuminate\Routing\{closure}()
#29 /usr/share/nginx/html/tst/vendor/laravel/framework/src/Illuminate/Pipeline/Pipeline.php(148): Bulkly\Http\Middleware\RedirectIfAuthenticated->handle()
#30 /usr/share/nginx/html/tst/vendor/laravel/framework/src/Illuminate/Routing/Pipeline.php(53): Illuminate\Pipeline\Pipeline->Illuminate\Pipeline\{closure}()
#31 /usr/share/nginx/html/tst/vendor/laravel/framework/src/Illuminate/Routing/Middleware/SubstituteBindings.php(41): Illuminate\Routing\Pipeline->Illuminate\Routing\{closure}()
#32 /usr/share/nginx/html/tst/vendor/laravel/framework/src/Illuminate/Pipeline/Pipeline.php(148): Illuminate\Routing\Middleware\SubstituteBindings->handle()
#33 /usr/share/nginx/html/tst/vendor/laravel/framework/src/Illuminate/Routing/Pipeline.php(53): Illuminate\Pipeline\Pipeline->Illuminate\Pipeline\{closure}()
#34 /usr/share/nginx/html/tst/vendor/laravel/framework/src/Illuminate/Foundation/Http/Middleware/VerifyCsrfToken.php(65): Illuminate\Routing\Pipeline->Illuminate\Routing\{closure}()
#35 /usr/share/nginx/html/tst/vendor/laravel/framework/src/Illuminate/Pipeline/Pipeline.php(148): Illuminate\Foundation\Http\Middleware\VerifyCsrfToken->handle()
#36 /usr/share/nginx/html/tst/vendor/laravel/framework/src/Illuminate/Routing/Pipeline.php(53): Illuminate\Pipeline\Pipeline->Illuminate\Pipeline\{closure}()
#37 /usr/share/nginx/html/tst/vendor/laravel/framework/src/Illuminate/View/Middleware/ShareErrorsFromSession.php(49): Illuminate\Routing\Pipeline->Illuminate\Routing\{closure}()
#38 /usr/share/nginx/html/tst/vendor/laravel/framework/src/Illuminate/Pipeline/Pipeline.php(148): Illuminate\View\Middleware\ShareErrorsFromSession->handle()
#39 /usr/share/nginx/html/tst/vendor/laravel/framework/src/Illuminate/Routing/Pipeline.php(53): Illuminate\Pipeline\Pipeline->Illuminate\Pipeline\{closure}()
#40 /usr/share/nginx/html/tst/vendor/laravel/framework/src/Illuminate/Session/Middleware/StartSession.php(64): Illuminate\Routing\Pipeline->Illuminate\Routing\{closure}()
#41 /usr/share/nginx/html/tst/vendor/laravel/framework/src/Illuminate/Pipeline/Pipeline.php(148): Illuminate\Session\Middleware\StartSession->handle()
#42 /usr/share/nginx/html/tst/vendor/laravel/framework/src/Illuminate/Routing/Pipeline.php(53): Illuminate\Pipeline\Pipeline->Illuminate\Pipeline\{closure}()
#43 /usr/share/nginx/html/tst/vendor/laravel/framework/src/Illuminate/Cookie/Middleware/AddQueuedCookiesToResponse.php(37): Illuminate\Routing\Pipeline->Illuminate\Routing\{closure}()
#44 /usr/share/nginx/html/tst/vendor/laravel/framework/src/Illuminate/Pipeline/Pipeline.php(148): Illuminate\Cookie\Middleware\AddQueuedCookiesToResponse->handle()
#45 /usr/share/nginx/html/tst/vendor/laravel/framework/src/Illuminate/Routing/Pipeline.php(53): Illuminate\Pipeline\Pipeline->Illuminate\Pipeline\{closure}()
#46 /usr/share/nginx/html/tst/vendor/laravel/framework/src/Illuminate/Cookie/Middleware/EncryptCookies.php(59): Illuminate\Routing\Pipeline->Illuminate\Routing\{closure}()
#47 /usr/share/nginx/html/tst/vendor/laravel/framework/src/Illuminate/Pipeline/Pipeline.php(148): Illuminate\Cookie\Middleware\EncryptCookies->handle()
#48 /usr/share/nginx/html/tst/vendor/laravel/framework/src/Illuminate/Routing/Pipeline.php(53): Illuminate\Pipeline\Pipeline->Illuminate\Pipeline\{closure}()
#49 /usr/share/nginx/html/tst/vendor/laravel/framework/src/Illuminate/Pipeline/Pipeline.php(102): Illuminate\Routing\Pipeline->Illuminate\Routing\{closure}()
#50 /usr/share/nginx/html/tst/vendor/laravel/framework/src/Illuminate/Routing/Router.php(574): Illuminate\Pipeline\Pipeline->then()
#51 /usr/share/nginx/html/tst/vendor/laravel/framework/src/Illuminate/Routing/Router.php(533): Illuminate\Routing\Router->runRouteWithinStack()
#52 /usr/share/nginx/html/tst/vendor/laravel/framework/src/Illuminate/Routing/Router.php(511): Illuminate\Routing\Router->dispatchToRoute()
#53 /usr/share/nginx/html/tst/vendor/laravel/framework/src/Illuminate/Foundation/Http/Kernel.php(176): Illuminate\Routing\Router->dispatch()
#54 /usr/share/nginx/html/tst/vendor/laravel/framework/src/Illuminate/Routing/Pipeline.php(30): Illuminate\Foundation\Http\Kernel->Illuminate\Foundation\Http\{closure}()
#55 /usr/share/nginx/html/tst/vendor/laravel/framework/src/Illuminate/Foundation/Http/Middleware/TransformsRequest.php(30): Illuminate\Routing\Pipeline->Illuminate\Routing\{closure}()
#56 /usr/share/nginx/html/tst/vendor/laravel/framework/src/Illuminate/Pipeline/Pipeline.php(148): Illuminate\Foundation\Http\Middleware\TransformsRequest->handle()
#57 /usr/share/nginx/html/tst/vendor/laravel/framework/src/Illuminate/Routing/Pipeline.php(53): Illuminate\Pipeline\Pipeline->Illuminate\Pipeline\{closure}()
#58 /usr/share/nginx/html/tst/vendor/laravel/framework/src/Illuminate/Foundation/Http/Middleware/TransformsRequest.php(30): Illuminate\Routing\Pipeline->Illuminate\Routing\{closure}()
#59 /usr/share/nginx/html/tst/vendor/laravel/framework/src/Illuminate/Pipeline/Pipeline.php(148): Illuminate\Foundation\Http\Middleware\TransformsRequest->handle()
#60 /usr/share/nginx/html/tst/vendor/laravel/framework/src/Illuminate/Routing/Pipeline.php(53): Illuminate\Pipeline\Pipeline->Illuminate\Pipeline\{closure}()
#61 /usr/share/nginx/html/tst/vendor/laravel/framework/src/Illuminate/Foundation/Http/Middleware/ValidatePostSize.php(27): Illuminate\Routing\Pipeline->Illuminate\Routing\{closure}()
#62 /usr/share/nginx/html/tst/vendor/laravel/framework/src/Illuminate/Pipeline/Pipeline.php(148): Illuminate\Foundation\Http\Middleware\ValidatePostSize->handle()
#63 /usr/share/nginx/html/tst/vendor/laravel/framework/src/Illuminate/Routing/Pipeline.php(53): Illuminate\Pipeline\Pipeline->Illuminate\Pipeline\{closure}()
#64 /usr/share/nginx/html/tst/vendor/laravel/framework/src/Illuminate/Foundation/Http/Middleware/CheckForMaintenanceMode.php(46): Illuminate\Routing\Pipeline->Illuminate\Routing\{closure}()
#65 /usr/share/nginx/html/tst/vendor/laravel/framework/src/Illuminate/Pipeline/Pipeline.php(148): Illuminate\Foundation\Http\Middleware\CheckForMaintenanceMode->handle()
#66 /usr/share/nginx/html/tst/vendor/laravel/framework/src/Illuminate/Routing/Pipeline.php(53): Illuminate\Pipeline\Pipeline->Illuminate\Pipeline\{closure}()
#67 /usr/share/nginx/html/tst/vendor/laravel/framework/src/Illuminate/Pipeline/Pipeline.php(102): Illuminate\Routing\Pipeline->Illuminate\Routing\{closure}()
#68 /usr/share/nginx/html/tst/vendor/laravel/framework/src/Illuminate/Foundation/Http/Kernel.php(151): Illuminate\Pipeline\Pipeline->then()
#69 /usr/share/nginx/html/tst/vendor/laravel/framework/src/Illuminate/Foundation/Http/Kernel.php(116): Illuminate\Foundation\Http\Kernel->sendRequestThroughRouter()
#70 /usr/share/nginx/html/tst/public/index.php(53): Illuminate\Foundation\Http\Kernel->handle()
#71 /usr/share/nginx/html/tst/server.php(21): require_once('/usr/share/ngin...')
#72 {main}  
[2020-08-12 17:09:45] development.ERROR: PDOException: SQLSTATE[42000]: Syntax error or access violation: 1231 Variable 'sql_mode' can't be set to the value of 'NO_AUTO_CREATE_USER' in /usr/share/nginx/html/tst/vendor/laravel/framework/src/Illuminate/Database/Connectors/MySqlConnector.php:150
Stack trace:
#0 /usr/share/nginx/html/tst/vendor/laravel/framework/src/Illuminate/Database/Connectors/MySqlConnector.php(150): PDOStatement->execute()
#1 /usr/share/nginx/html/tst/vendor/laravel/framework/src/Illuminate/Database/Connectors/MySqlConnector.php(37): Illuminate\Database\Connectors\MySqlConnector->setModes()
#2 /usr/share/nginx/html/tst/vendor/laravel/framework/src/Illuminate/Database/Connectors/ConnectionFactory.php(183): Illuminate\Database\Connectors\MySqlConnector->connect()
#3 [internal function]: Illuminate\Database\Connectors\ConnectionFactory->Illuminate\Database\Connectors\{closure}()
#4 /usr/share/nginx/html/tst/vendor/laravel/framework/src/Illuminate/Database/Connection.php(883): call_user_func()
#5 /usr/share/nginx/html/tst/vendor/laravel/framework/src/Illuminate/Database/Connection.php(392): Illuminate\Database\Connection->getPdo()
#6 /usr/share/nginx/html/tst/vendor/laravel/framework/src/Illuminate/Database/Connection.php(318): Illuminate\Database\Connection->getPdoForSelect()
#7 /usr/share/nginx/html/tst/vendor/laravel/framework/src/Illuminate/Database/Connection.php(640): Illuminate\Database\Connection->Illuminate\Database\{closure}()
#8 /usr/share/nginx/html/tst/vendor/laravel/framework/src/Illuminate/Database/Connection.php(607): Illuminate\Database\Connection->runQueryCallback()
#9 /usr/share/nginx/html/tst/vendor/laravel/framework/src/Illuminate/Database/Connection.php(326): Illuminate\Database\Connection->run()
#10 /usr/share/nginx/html/tst/vendor/laravel/framework/src/Illuminate/Database/Query/Builder.php(1705): Illuminate\Database\Connection->select()
#11 /usr/share/nginx/html/tst/vendor/laravel/framework/src/Illuminate/Database/Query/Builder.php(1690): Illuminate\Database\Query\Builder->runSelect()
#12 /usr/share/nginx/html/tst/vendor/laravel/framework/src/Illuminate/Database/Query/Builder.php(2025): Illuminate\Database\Query\Builder->get()
#13 /usr/share/nginx/html/tst/vendor/laravel/framework/src/Illuminate/Database/Query/Builder.php(1953): Illuminate\Database\Query\Builder->aggregate()
#14 /usr/share/nginx/html/tst/vendor/laravel/framework/src/Illuminate/Validation/DatabasePresenceVerifier.php(55): Illuminate\Database\Query\Builder->count()
#15 /usr/share/nginx/html/tst/vendor/laravel/framework/src/Illuminate/Validation/Concerns/ValidatesAttributes.php(581): Illuminate\Validation\DatabasePresenceVerifier->getCount()
#16 /usr/share/nginx/html/tst/vendor/laravel/framework/src/Illuminate/Validation/Concerns/ValidatesAttributes.php(553): Illuminate\Validation\Validator->getExistCount()
#17 /usr/share/nginx/html/tst/vendor/laravel/framework/src/Illuminate/Validation/Validator.php(352): Illuminate\Validation\Validator->validateExists()
#18 /usr/share/nginx/html/tst/vendor/laravel/framework/src/Illuminate/Validation/Validator.php(267): Illuminate\Validation\Validator->validateAttribute()
#19 /usr/share/nginx/html/tst/vendor/laravel/framework/src/Illuminate/Validation/Validator.php(292): Illuminate\Validation\Validator->passes()
#20 /usr/share/nginx/html/tst/app/Http/Controllers/Auth/LoginController.php(44): Illuminate\Validation\Validator->fails()
#21 [internal function]: Bulkly\Http\Controllers\Auth\LoginController->loginNow()
#22 /usr/share/nginx/html/tst/vendor/laravel/framework/src/Illuminate/Routing/Controller.php(55): call_user_func_array()
#23 /usr/share/nginx/html/tst/vendor/laravel/framework/src/Illuminate/Routing/ControllerDispatcher.php(44): Illuminate\Routing\Controller->callAction()
#24 /usr/share/nginx/html/tst/vendor/laravel/framework/src/Illuminate/Routing/Route.php(203): Illuminate\Routing\ControllerDispatcher->dispatch()
#25 /usr/share/nginx/html/tst/vendor/laravel/framework/src/Illuminate/Routing/Route.php(160): Illuminate\Routing\Route->runController()
#26 /usr/share/nginx/html/tst/vendor/laravel/framework/src/Illuminate/Routing/Router.php(572): Illuminate\Routing\Route->run()
#27 /usr/share/nginx/html/tst/vendor/laravel/framework/src/Illuminate/Routing/Pipeline.php(30): Illuminate\Routing\Router->Illuminate\Routing\{closure}()
#28 /usr/share/nginx/html/tst/app/Http/Middleware/RedirectIfAuthenticated.php(24): Illuminate\Routing\Pipeline->Illuminate\Routing\{closure}()
#29 /usr/share/nginx/html/tst/vendor/laravel/framework/src/Illuminate/Pipeline/Pipeline.php(148): Bulkly\Http\Middleware\RedirectIfAuthenticated->handle()
#30 /usr/share/nginx/html/tst/vendor/laravel/framework/src/Illuminate/Routing/Pipeline.php(53): Illuminate\Pipeline\Pipeline->Illuminate\Pipeline\{closure}()
#31 /usr/share/nginx/html/tst/vendor/laravel/framework/src/Illuminate/Routing/Middleware/SubstituteBindings.php(41): Illuminate\Routing\Pipeline->Illuminate\Routing\{closure}()
#32 /usr/share/nginx/html/tst/vendor/laravel/framework/src/Illuminate/Pipeline/Pipeline.php(148): Illuminate\Routing\Middleware\SubstituteBindings->handle()
#33 /usr/share/nginx/html/tst/vendor/laravel/framework/src/Illuminate/Routing/Pipeline.php(53): Illuminate\Pipeline\Pipeline->Illuminate\Pipeline\{closure}()
#34 /usr/share/nginx/html/tst/vendor/laravel/framework/src/Illuminate/Foundation/Http/Middleware/VerifyCsrfToken.php(65): Illuminate\Routing\Pipeline->Illuminate\Routing\{closure}()
#35 /usr/share/nginx/html/tst/vendor/laravel/framework/src/Illuminate/Pipeline/Pipeline.php(148): Illuminate\Foundation\Http\Middleware\VerifyCsrfToken->handle()
#36 /usr/share/nginx/html/tst/vendor/laravel/framework/src/Illuminate/Routing/Pipeline.php(53): Illuminate\Pipeline\Pipeline->Illuminate\Pipeline\{closure}()
#37 /usr/share/nginx/html/tst/vendor/laravel/framework/src/Illuminate/View/Middleware/ShareErrorsFromSession.php(49): Illuminate\Routing\Pipeline->Illuminate\Routing\{closure}()
#38 /usr/share/nginx/html/tst/vendor/laravel/framework/src/Illuminate/Pipeline/Pipeline.php(148): Illuminate\View\Middleware\ShareErrorsFromSession->handle()
#39 /usr/share/nginx/html/tst/vendor/laravel/framework/src/Illuminate/Routing/Pipeline.php(53): Illuminate\Pipeline\Pipeline->Illuminate\Pipeline\{closure}()
#40 /usr/share/nginx/html/tst/vendor/laravel/framework/src/Illuminate/Session/Middleware/StartSession.php(64): Illuminate\Routing\Pipeline->Illuminate\Routing\{closure}()
#41 /usr/share/nginx/html/tst/vendor/laravel/framework/src/Illuminate/Pipeline/Pipeline.php(148): Illuminate\Session\Middleware\StartSession->handle()
#42 /usr/share/nginx/html/tst/vendor/laravel/framework/src/Illuminate/Routing/Pipeline.php(53): Illuminate\Pipeline\Pipeline->Illuminate\Pipeline\{closure}()
#43 /usr/share/nginx/html/tst/vendor/laravel/framework/src/Illuminate/Cookie/Middleware/AddQueuedCookiesToResponse.php(37): Illuminate\Routing\Pipeline->Illuminate\Routing\{closure}()
#44 /usr/share/nginx/html/tst/vendor/laravel/framework/src/Illuminate/Pipeline/Pipeline.php(148): Illuminate\Cookie\Middleware\AddQueuedCookiesToResponse->handle()
#45 /usr/share/nginx/html/tst/vendor/laravel/framework/src/Illuminate/Routing/Pipeline.php(53): Illuminate\Pipeline\Pipeline->Illuminate\Pipeline\{closure}()
#46 /usr/share/nginx/html/tst/vendor/laravel/framework/src/Illuminate/Cookie/Middleware/EncryptCookies.php(59): Illuminate\Routing\Pipeline->Illuminate\Routing\{closure}()
#47 /usr/share/nginx/html/tst/vendor/laravel/framework/src/Illuminate/Pipeline/Pipeline.php(148): Illuminate\Cookie\Middleware\EncryptCookies->handle()
#48 /usr/share/nginx/html/tst/vendor/laravel/framework/src/Illuminate/Routing/Pipeline.php(53): Illuminate\Pipeline\Pipeline->Illuminate\Pipeline\{closure}()
#49 /usr/share/nginx/html/tst/vendor/laravel/framework/src/Illuminate/Pipeline/Pipeline.php(102): Illuminate\Routing\Pipeline->Illuminate\Routing\{closure}()
#50 /usr/share/nginx/html/tst/vendor/laravel/framework/src/Illuminate/Routing/Router.php(574): Illuminate\Pipeline\Pipeline->then()
#51 /usr/share/nginx/html/tst/vendor/laravel/framework/src/Illuminate/Routing/Router.php(533): Illuminate\Routing\Router->runRouteWithinStack()
#52 /usr/share/nginx/html/tst/vendor/laravel/framework/src/Illuminate/Routing/Router.php(511): Illuminate\Routing\Router->dispatchToRoute()
#53 /usr/share/nginx/html/tst/vendor/laravel/framework/src/Illuminate/Foundation/Http/Kernel.php(176): Illuminate\Routing\Router->dispatch()
#54 /usr/share/nginx/html/tst/vendor/laravel/framework/src/Illuminate/Routing/Pipeline.php(30): Illuminate\Foundation\Http\Kernel->Illuminate\Foundation\Http\{closure}()
#55 /usr/share/nginx/html/tst/vendor/laravel/framework/src/Illuminate/Foundation/Http/Middleware/TransformsRequest.php(30): Illuminate\Routing\Pipeline->Illuminate\Routing\{closure}()
#56 /usr/share/nginx/html/tst/vendor/laravel/framework/src/Illuminate/Pipeline/Pipeline.php(148): Illuminate\Foundation\Http\Middleware\TransformsRequest->handle()
#57 /usr/share/nginx/html/tst/vendor/laravel/framework/src/Illuminate/Routing/Pipeline.php(53): Illuminate\Pipeline\Pipeline->Illuminate\Pipeline\{closure}()
#58 /usr/share/nginx/html/tst/vendor/laravel/framework/src/Illuminate/Foundation/Http/Middleware/TransformsRequest.php(30): Illuminate\Routing\Pipeline->Illuminate\Routing\{closure}()
#59 /usr/share/nginx/html/tst/vendor/laravel/framework/src/Illuminate/Pipeline/Pipeline.php(148): Illuminate\Foundation\Http\Middleware\TransformsRequest->handle()
#60 /usr/share/nginx/html/tst/vendor/laravel/framework/src/Illuminate/Routing/Pipeline.php(53): Illuminate\Pipeline\Pipeline->Illuminate\Pipeline\{closure}()
#61 /usr/share/nginx/html/tst/vendor/laravel/framework/src/Illuminate/Foundation/Http/Middleware/ValidatePostSize.php(27): Illuminate\Routing\Pipeline->Illuminate\Routing\{closure}()
#62 /usr/share/nginx/html/tst/vendor/laravel/framework/src/Illuminate/Pipeline/Pipeline.php(148): Illuminate\Foundation\Http\Middleware\ValidatePostSize->handle()
#63 /usr/share/nginx/html/tst/vendor/laravel/framework/src/Illuminate/Routing/Pipeline.php(53): Illuminate\Pipeline\Pipeline->Illuminate\Pipeline\{closure}()
#64 /usr/share/nginx/html/tst/vendor/laravel/framework/src/Illuminate/Foundation/Http/Middleware/CheckForMaintenanceMode.php(46): Illuminate\Routing\Pipeline->Illuminate\Routing\{closure}()
#65 /usr/share/nginx/html/tst/vendor/laravel/framework/src/Illuminate/Pipeline/Pipeline.php(148): Illuminate\Foundation\Http\Middleware\CheckForMaintenanceMode->handle()
#66 /usr/share/nginx/html/tst/vendor/laravel/framework/src/Illuminate/Routing/Pipeline.php(53): Illuminate\Pipeline\Pipeline->Illuminate\Pipeline\{closure}()
#67 /usr/share/nginx/html/tst/vendor/laravel/framework/src/Illuminate/Pipeline/Pipeline.php(102): Illuminate\Routing\Pipeline->Illuminate\Routing\{closure}()
#68 /usr/share/nginx/html/tst/vendor/laravel/framework/src/Illuminate/Foundation/Http/Kernel.php(151): Illuminate\Pipeline\Pipeline->then()
#69 /usr/share/nginx/html/tst/vendor/laravel/framework/src/Illuminate/Foundation/Http/Kernel.php(116): Illuminate\Foundation\Http\Kernel->sendRequestThroughRouter()
#70 /usr/share/nginx/html/tst/public/index.php(53): Illuminate\Foundation\Http\Kernel->handle()
#71 /usr/share/nginx/html/tst/server.php(21): require_once('/usr/share/ngin...')
#72 {main}

Next Illuminate\Database\QueryException: SQLSTATE[42000]: Syntax error or access violation: 1231 Variable 'sql_mode' can't be set to the value of 'NO_AUTO_CREATE_USER' (SQL: select count(*) as aggregate from `users` where `email` = 99darkgreengt@gmail.com) in /usr/share/nginx/html/tst/vendor/laravel/framework/src/Illuminate/Database/Connection.php:647
Stack trace:
#0 /usr/share/nginx/html/tst/vendor/laravel/framework/src/Illuminate/Database/Connection.php(607): Illuminate\Database\Connection->runQueryCallback()
#1 /usr/share/nginx/html/tst/vendor/laravel/framework/src/Illuminate/Database/Connection.php(326): Illuminate\Database\Connection->run()
#2 /usr/share/nginx/html/tst/vendor/laravel/framework/src/Illuminate/Database/Query/Builder.php(1705): Illuminate\Database\Connection->select()
#3 /usr/share/nginx/html/tst/vendor/laravel/framework/src/Illuminate/Database/Query/Builder.php(1690): Illuminate\Database\Query\Builder->runSelect()
#4 /usr/share/nginx/html/tst/vendor/laravel/framework/src/Illuminate/Database/Query/Builder.php(2025): Illuminate\Database\Query\Builder->get()
#5 /usr/share/nginx/html/tst/vendor/laravel/framework/src/Illuminate/Database/Query/Builder.php(1953): Illuminate\Database\Query\Builder->aggregate()
#6 /usr/share/nginx/html/tst/vendor/laravel/framework/src/Illuminate/Validation/DatabasePresenceVerifier.php(55): Illuminate\Database\Query\Builder->count()
#7 /usr/share/nginx/html/tst/vendor/laravel/framework/src/Illuminate/Validation/Concerns/ValidatesAttributes.php(581): Illuminate\Validation\DatabasePresenceVerifier->getCount()
#8 /usr/share/nginx/html/tst/vendor/laravel/framework/src/Illuminate/Validation/Concerns/ValidatesAttributes.php(553): Illuminate\Validation\Validator->getExistCount()
#9 /usr/share/nginx/html/tst/vendor/laravel/framework/src/Illuminate/Validation/Validator.php(352): Illuminate\Validation\Validator->validateExists()
#10 /usr/share/nginx/html/tst/vendor/laravel/framework/src/Illuminate/Validation/Validator.php(267): Illuminate\Validation\Validator->validateAttribute()
#11 /usr/share/nginx/html/tst/vendor/laravel/framework/src/Illuminate/Validation/Validator.php(292): Illuminate\Validation\Validator->passes()
#12 /usr/share/nginx/html/tst/app/Http/Controllers/Auth/LoginController.php(44): Illuminate\Validation\Validator->fails()
#13 [internal function]: Bulkly\Http\Controllers\Auth\LoginController->loginNow()
#14 /usr/share/nginx/html/tst/vendor/laravel/framework/src/Illuminate/Routing/Controller.php(55): call_user_func_array()
#15 /usr/share/nginx/html/tst/vendor/laravel/framework/src/Illuminate/Routing/ControllerDispatcher.php(44): Illuminate\Routing\Controller->callAction()
#16 /usr/share/nginx/html/tst/vendor/laravel/framework/src/Illuminate/Routing/Route.php(203): Illuminate\Routing\ControllerDispatcher->dispatch()
#17 /usr/share/nginx/html/tst/vendor/laravel/framework/src/Illuminate/Routing/Route.php(160): Illuminate\Routing\Route->runController()
#18 /usr/share/nginx/html/tst/vendor/laravel/framework/src/Illuminate/Routing/Router.php(572): Illuminate\Routing\Route->run()
#19 /usr/share/nginx/html/tst/vendor/laravel/framework/src/Illuminate/Routing/Pipeline.php(30): Illuminate\Routing\Router->Illuminate\Routing\{closure}()
#20 /usr/share/nginx/html/tst/app/Http/Middleware/RedirectIfAuthenticated.php(24): Illuminate\Routing\Pipeline->Illuminate\Routing\{closure}()
#21 /usr/share/nginx/html/tst/vendor/laravel/framework/src/Illuminate/Pipeline/Pipeline.php(148): Bulkly\Http\Middleware\RedirectIfAuthenticated->handle()
#22 /usr/share/nginx/html/tst/vendor/laravel/framework/src/Illuminate/Routing/Pipeline.php(53): Illuminate\Pipeline\Pipeline->Illuminate\Pipeline\{closure}()
#23 /usr/share/nginx/html/tst/vendor/laravel/framework/src/Illuminate/Routing/Middleware/SubstituteBindings.php(41): Illuminate\Routing\Pipeline->Illuminate\Routing\{closure}()
#24 /usr/share/nginx/html/tst/vendor/laravel/framework/src/Illuminate/Pipeline/Pipeline.php(148): Illuminate\Routing\Middleware\SubstituteBindings->handle()
#25 /usr/share/nginx/html/tst/vendor/laravel/framework/src/Illuminate/Routing/Pipeline.php(53): Illuminate\Pipeline\Pipeline->Illuminate\Pipeline\{closure}()
#26 /usr/share/nginx/html/tst/vendor/laravel/framework/src/Illuminate/Foundation/Http/Middleware/VerifyCsrfToken.php(65): Illuminate\Routing\Pipeline->Illuminate\Routing\{closure}()
#27 /usr/share/nginx/html/tst/vendor/laravel/framework/src/Illuminate/Pipeline/Pipeline.php(148): Illuminate\Foundation\Http\Middleware\VerifyCsrfToken->handle()
#28 /usr/share/nginx/html/tst/vendor/laravel/framework/src/Illuminate/Routing/Pipeline.php(53): Illuminate\Pipeline\Pipeline->Illuminate\Pipeline\{closure}()
#29 /usr/share/nginx/html/tst/vendor/laravel/framework/src/Illuminate/View/Middleware/ShareErrorsFromSession.php(49): Illuminate\Routing\Pipeline->Illuminate\Routing\{closure}()
#30 /usr/share/nginx/html/tst/vendor/laravel/framework/src/Illuminate/Pipeline/Pipeline.php(148): Illuminate\View\Middleware\ShareErrorsFromSession->handle()
#31 /usr/share/nginx/html/tst/vendor/laravel/framework/src/Illuminate/Routing/Pipeline.php(53): Illuminate\Pipeline\Pipeline->Illuminate\Pipeline\{closure}()
#32 /usr/share/nginx/html/tst/vendor/laravel/framework/src/Illuminate/Session/Middleware/StartSession.php(64): Illuminate\Routing\Pipeline->Illuminate\Routing\{closure}()
#33 /usr/share/nginx/html/tst/vendor/laravel/framework/src/Illuminate/Pipeline/Pipeline.php(148): Illuminate\Session\Middleware\StartSession->handle()
#34 /usr/share/nginx/html/tst/vendor/laravel/framework/src/Illuminate/Routing/Pipeline.php(53): Illuminate\Pipeline\Pipeline->Illuminate\Pipeline\{closure}()
#35 /usr/share/nginx/html/tst/vendor/laravel/framework/src/Illuminate/Cookie/Middleware/AddQueuedCookiesToResponse.php(37): Illuminate\Routing\Pipeline->Illuminate\Routing\{closure}()
#36 /usr/share/nginx/html/tst/vendor/laravel/framework/src/Illuminate/Pipeline/Pipeline.php(148): Illuminate\Cookie\Middleware\AddQueuedCookiesToResponse->handle()
#37 /usr/share/nginx/html/tst/vendor/laravel/framework/src/Illuminate/Routing/Pipeline.php(53): Illuminate\Pipeline\Pipeline->Illuminate\Pipeline\{closure}()
#38 /usr/share/nginx/html/tst/vendor/laravel/framework/src/Illuminate/Cookie/Middleware/EncryptCookies.php(59): Illuminate\Routing\Pipeline->Illuminate\Routing\{closure}()
#39 /usr/share/nginx/html/tst/vendor/laravel/framework/src/Illuminate/Pipeline/Pipeline.php(148): Illuminate\Cookie\Middleware\EncryptCookies->handle()
#40 /usr/share/nginx/html/tst/vendor/laravel/framework/src/Illuminate/Routing/Pipeline.php(53): Illuminate\Pipeline\Pipeline->Illuminate\Pipeline\{closure}()
#41 /usr/share/nginx/html/tst/vendor/laravel/framework/src/Illuminate/Pipeline/Pipeline.php(102): Illuminate\Routing\Pipeline->Illuminate\Routing\{closure}()
#42 /usr/share/nginx/html/tst/vendor/laravel/framework/src/Illuminate/Routing/Router.php(574): Illuminate\Pipeline\Pipeline->then()
#43 /usr/share/nginx/html/tst/vendor/laravel/framework/src/Illuminate/Routing/Router.php(533): Illuminate\Routing\Router->runRouteWithinStack()
#44 /usr/share/nginx/html/tst/vendor/laravel/framework/src/Illuminate/Routing/Router.php(511): Illuminate\Routing\Router->dispatchToRoute()
#45 /usr/share/nginx/html/tst/vendor/laravel/framework/src/Illuminate/Foundation/Http/Kernel.php(176): Illuminate\Routing\Router->dispatch()
#46 /usr/share/nginx/html/tst/vendor/laravel/framework/src/Illuminate/Routing/Pipeline.php(30): Illuminate\Foundation\Http\Kernel->Illuminate\Foundation\Http\{closure}()
#47 /usr/share/nginx/html/tst/vendor/laravel/framework/src/Illuminate/Foundation/Http/Middleware/TransformsRequest.php(30): Illuminate\Routing\Pipeline->Illuminate\Routing\{closure}()
#48 /usr/share/nginx/html/tst/vendor/laravel/framework/src/Illuminate/Pipeline/Pipeline.php(148): Illuminate\Foundation\Http\Middleware\TransformsRequest->handle()
#49 /usr/share/nginx/html/tst/vendor/laravel/framework/src/Illuminate/Routing/Pipeline.php(53): Illuminate\Pipeline\Pipeline->Illuminate\Pipeline\{closure}()
#50 /usr/share/nginx/html/tst/vendor/laravel/framework/src/Illuminate/Foundation/Http/Middleware/TransformsRequest.php(30): Illuminate\Routing\Pipeline->Illuminate\Routing\{closure}()
#51 /usr/share/nginx/html/tst/vendor/laravel/framework/src/Illuminate/Pipeline/Pipeline.php(148): Illuminate\Foundation\Http\Middleware\TransformsRequest->handle()
#52 /usr/share/nginx/html/tst/vendor/laravel/framework/src/Illuminate/Routing/Pipeline.php(53): Illuminate\Pipeline\Pipeline->Illuminate\Pipeline\{closure}()
#53 /usr/share/nginx/html/tst/vendor/laravel/framework/src/Illuminate/Foundation/Http/Middleware/ValidatePostSize.php(27): Illuminate\Routing\Pipeline->Illuminate\Routing\{closure}()
#54 /usr/share/nginx/html/tst/vendor/laravel/framework/src/Illuminate/Pipeline/Pipeline.php(148): Illuminate\Foundation\Http\Middleware\ValidatePostSize->handle()
#55 /usr/share/nginx/html/tst/vendor/laravel/framework/src/Illuminate/Routing/Pipeline.php(53): Illuminate\Pipeline\Pipeline->Illuminate\Pipeline\{closure}()
#56 /usr/share/nginx/html/tst/vendor/laravel/framework/src/Illuminate/Foundation/Http/Middleware/CheckForMaintenanceMode.php(46): Illuminate\Routing\Pipeline->Illuminate\Routing\{closure}()
#57 /usr/share/nginx/html/tst/vendor/laravel/framework/src/Illuminate/Pipeline/Pipeline.php(148): Illuminate\Foundation\Http\Middleware\CheckForMaintenanceMode->handle()
#58 /usr/share/nginx/html/tst/vendor/laravel/framework/src/Illuminate/Routing/Pipeline.php(53): Illuminate\Pipeline\Pipeline->Illuminate\Pipeline\{closure}()
#59 /usr/share/nginx/html/tst/vendor/laravel/framework/src/Illuminate/Pipeline/Pipeline.php(102): Illuminate\Routing\Pipeline->Illuminate\Routing\{closure}()
#60 /usr/share/nginx/html/tst/vendor/laravel/framework/src/Illuminate/Foundation/Http/Kernel.php(151): Illuminate\Pipeline\Pipeline->then()
#61 /usr/share/nginx/html/tst/vendor/laravel/framework/src/Illuminate/Foundation/Http/Kernel.php(116): Illuminate\Foundation\Http\Kernel->sendRequestThroughRouter()
#62 /usr/share/nginx/html/tst/public/index.php(53): Illuminate\Foundation\Http\Kernel->handle()
#63 /usr/share/nginx/html/tst/server.php(21): require_once('/usr/share/ngin...')
#64 {main}  
